[Mon Mar 11 08:33:37 CET 2019] [admin][INSERT INTO ...]
[Mon Mar 11 08:38:08 CET 2019] [admin][INSERT INTO ...]
[Mon Mar 18 09:41:10 CET 2019] [admin][INSERT INTO ...]
[Mon Mar 18 09:47:49 CET 2019] [admin][INSERT INTO ...]
[Mon Mar 18 12:17:40 CET 2019] [admin][INSERT INTO ...]
[Thu Mar 21 10:44:25 CET 2019] [admin][LOG IN ...]
[Mon Apr 01 09:05:03 CEST 2019] [admin][LOG IN ...]
[Mon Apr 01 09:06:05 CEST 2019] [admin][LOG IN ...]
[Mon Apr 01 09:26:44 CEST 2019] [admin][LOG IN ...]
[Mon Apr 01 09:31:00 CEST 2019] [admin][LOG IN ...]
[Mon Apr 01 09:31:54 CEST 2019] [admin][LOG IN ...]
[Mon Apr 01 09:01:51 CEST 2019] [admin][LOG IN ...]
[Thu Apr 04 12:32:49 CEST 2019] [admin][INSERT INTO FACTURAS]
[Thu Apr 04 12:35:23 CEST 2019] [admin][LOG IN ...]
[Thu Apr 04 12:36:03 CEST 2019] [admin][INSERT INTO CLIENTES]
[Thu Apr 04 12:36:08 CEST 2019] [admin][INSERT INTO CLIENTES]
[Mon Apr 29 12:17:44 CEST 2019] [admin][LOG IN ...]
[Tue May 07 11:25:41 CEST 2019] [admin][LOG IN ...]
[Thu May 09 11:51:04 CEST 2019] [Administrador][INSERT INTO TRABAJADORES]
[Thu May 09 11:52:30 CEST 2019] [Administrador][INSERT INTO TRABAJADORES]
[Thu May 09 11:53:03 CEST 2019] [Administrador][INSERT INTO TRABAJADORES]
[Thu May 09 11:53:45 CEST 2019] [Administrador][INSERT INTO TRABAJADORES]
[Thu May 09 11:55:51 CEST 2019] [Administrador][INSERT INTO TRABAJADORES]
[Thu May 09 11:56:08 CEST 2019] [Administrador][INSERT INTO TRABAJADORES]
[Thu May 09 11:56:44 CEST 2019] [Administrador][INSERT INTO TRABAJADORES]
[Thu May 09 12:20:44 CEST 2019] [Administrador][INSERT INTO TRABAJADORES]
[Thu May 09 12:45:35 CEST 2019] [Administrador][DELETE FROM TRABAJADORES]
[Thu May 09 12:45:49 CEST 2019] [Administrador][DELETE FROM TRABAJADORES]
[Thu May 09 12:47:00 CEST 2019] [Administrador][DELETE FROM VIDEOJUEGOS]
[Mon May 13 12:22:54 CEST 2019] [admin][LOG IN ...]
[Mon May 13 12:23:21 CEST 2019] [admin][CONSULTA EN TRABAJADORES]
[Mon May 13 12:27:28 CEST 2019] [admin][LOG IN ...]
[Mon May 13 12:27:32 CEST 2019] [admin][CONSULTA EN CLIENTES]
[Mon May 13 13:24:18 CEST 2019] [admin][LOG IN ...]
[Mon May 13 13:26:29 CEST 2019] [admin][LOG IN ...]
[Mon May 13 13:34:46 CEST 2019] [Administrador][DELETE FROM TRABAJADOR]
[Mon May 13 13:36:13 CEST 2019] [Administrador][DELETE FROM TRABAJADOR]
[Mon May 13 13:50:53 CEST 2019] [admin][INSERT INTO FACTURAS]
[Mon May 13 13:51:18 CEST 2019] [admin][LOG IN ...]
[Mon May 13 13:51:40 CEST 2019] [admin][INSERT INTO FACTURAS]
[Mon May 13 13:54:23 CEST 2019] [admin][INSERT INTO FACTURAS]
[Mon May 13 13:55:40 CEST 2019] [admin][INSERT INTO FACTURAS]
[Mon May 13 13:56:49 CEST 2019] [admin][INSERT INTO FACTURAS]
[Mon May 13 13:58:39 CEST 2019] [admin][INSERT INTO FACTURAS]
[Mon May 13 13:59:38 CEST 2019] [admin][INSERT INTO FACTURAS]
[Mon May 13 14:05:41 CEST 2019] [admin][INSERT INTO FACTURAS]
[Mon May 13 14:07:14 CEST 2019] [admin][INSERT INTO FACTURAS]
[Mon May 13 14:09:53 CEST 2019] [admin][INSERT INTO FACTURAS]
[Mon May 13 14:12:40 CEST 2019] [admin][INSERT INTO FACTURAS]
[Mon May 13 14:15:02 CEST 2019] [admin][INSERT INTO FACTURAS]
[Mon May 13 14:18:37 CEST 2019] [Administrador][DELETE FROM FACTURAS]
[Mon May 13 14:19:08 CEST 2019] [Administrador][DELETE FROM FACTURAS]
[Thu May 16 10:13:32 CEST 2019] [Administrador][UPDATE FROM CLIENTES]
[Thu May 16 10:17:59 CEST 2019] [Administrador][UPDATE FROM CLIENTES]
[Thu May 16 10:19:07 CEST 2019] [Administrador][UPDATE FROM CLIENTES]
[Thu May 16 10:20:39 CEST 2019] [Administrador][UPDATE FROM CLIENTES]
[Thu May 16 10:25:32 CEST 2019] [Administrador][UPDATE FROM CLIENTES]
[Thu May 16 10:26:20 CEST 2019] [Administrador][UPDATE FROM CLIENTES]
[Thu May 16 10:28:35 CEST 2019] [Administrador][UPDATE FROM CLIENTES]
[Thu May 16 10:30:06 CEST 2019] [Administrador][UPDATE FROM CLIENTES]
[Thu May 16 10:31:18 CEST 2019] [Administrador][UPDATE FROM CLIENTES]
[Thu May 16 16:41:18 CEST 2019] [Administrador][UPDATE FROM VIDEOJUEGOS]
[Thu May 16 16:42:03 CEST 2019] [Administrador][UPDATE FROM VIDEOJUEGOS]
[Thu May 16 18:42:09 CEST 2019] [Administrador][UPDATE FROM TRABAJADORES]
[Fri May 17 09:02:29 CEST 2019] [Admin][LOG IN ...]
[Fri May 17 09:03:21 CEST 2019] [Admin][LOG IN ...]
[Fri May 17 09:16:06 CEST 2019] [Administrador][UPDATE FROM TRABAJADORES]
[Fri May 17 09:16:45 CEST 2019] [Administrador][UPDATE FROM TRABAJADORES]
[Fri May 17 09:17:35 CEST 2019] [Administrador][UPDATE FROM TRABAJADORES]
[Fri May 17 09:18:10 CEST 2019] [Administrador][UPDATE FROM TRABAJADORES]
[Fri May 17 09:19:19 CEST 2019] [Administrador][UPDATE FROM TRABAJADORES]
[Fri May 17 09:21:47 CEST 2019] [Administrador][UPDATE FROM TRABAJADORES]
[Fri May 17 09:22:05 CEST 2019] [Administrador][UPDATE FROM TRABAJADORES]
[Fri May 17 09:24:46 CEST 2019] [Administrador][UPDATE FROM TRABAJADORES]
[Fri May 17 09:26:16 CEST 2019] [Administrador][UPDATE FROM TRABAJADORES]
[Fri May 17 09:26:34 CEST 2019] [Administrador][UPDATE FROM TRABAJADORES]
[Fri May 17 09:34:52 CEST 2019] [Administrador][UPDATE FROM TRABAJADORES]
[Fri May 17 10:41:31 CEST 2019] [Administrador][UPDATE FROM TRABAJADORES]
